0 info it worked if it ends with ok
1 verbose cli [ '/Users/shreyabhandari/.nvm/versions/node/v6.9.4/bin/node',
1 verbose cli   '/Users/shreyabhandari/.nvm/versions/node/v6.9.4/bin/npm',
1 verbose cli   'run',
1 verbose cli   'gh-pages',
1 verbose cli   '-d',
1 verbose cli   'build' ]
2 info using npm@3.10.10
3 info using node@v6.9.4
4 verbose stack Error: ENOENT: no such file or directory, open '/Users/shreyabhandari/PromptHive-Frontend/package.json'
4 verbose stack     at Error (native)
5 verbose cwd /Users/shreyabhandari/PromptHive-Frontend
6 error Darwin 21.6.0
7 error argv "/Users/shreyabhandari/.nvm/versions/node/v6.9.4/bin/node" "/Users/shreyabhandari/.nvm/versions/node/v6.9.4/bin/npm" "run" "gh-pages" "-d" "build"
8 error node v6.9.4
9 error npm  v3.10.10
10 error path /Users/shreyabhandari/PromptHive-Frontend/package.json
11 error code ENOENT
12 error errno -2
13 error syscall open
14 error enoent ENOENT: no such file or directory, open '/Users/shreyabhandari/PromptHive-Frontend/package.json'
15 error enoent ENOENT: no such file or directory, open '/Users/shreyabhandari/PromptHive-Frontend/package.json'
15 error enoent This is most likely not a problem with npm itself
15 error enoent and is related to npm not being able to find a file.
16 verbose exit [ -2, true ]
